<?xml version="1.0" encoding="UTF-8"?>
<testng-results ignored="0" total="1" passed="1" failed="0" skipped="0">
  <reporter-output>
  </reporter-output>
  <suite started-at="2024-08-24T16:39:35 SGT" name="Default suite" finished-at="2024-08-24T16:39:50 SGT" duration-ms="14959">
    <groups>
      <group name="cucumber">
        <method signature="AbstractTestNGCucumberTests.runScenario(io.cucumber.testng.PickleWrapper,io.cucumber.testng.FeatureWrapper)[pri:0, instance:TestRunner.CucumberTestRunner@2f4948e4]" name="runScenario" class="io.cucumber.testng.AbstractTestNGCucumberTests"/>
      </group> <!-- cucumber -->
    </groups>
    <test started-at="2024-08-24T16:39:35 SGT" name="Default test" finished-at="2024-08-24T16:39:50 SGT" duration-ms="14959">
      <class name="TestRunner.CucumberTestRunner">
        <test-method is-config="true" signature="setUpClass(org.testng.ITestContext)[pri:0, instance:TestRunner.CucumberTestRunner@2f4948e4]" started-at="2024-08-24T16:39:35 SGT" name="setUpClass" finished-at="2024-08-24T16:39:35 SGT" duration-ms="430" status="PASS">
          <params>
            <param index="0">
              <value>
                <![CDATA[org.testng.TestRunner@d5af0a5]]>
              </value>
            </param>
          </params>
          <reporter-output>
          </reporter-output>
        </test-method> <!-- setUpClass -->
        <test-method signature="runScenario(io.cucumber.testng.PickleWrapper,io.cucumber.testng.FeatureWrapper)[pri:0, instance:TestRunner.CucumberTestRunner@2f4948e4]" started-at="2024-08-24T16:39:35 SGT" name="runScenario" description="Runs Cucumber Scenarios" data-provider="scenarios" finished-at="2024-08-24T16:39:49 SGT" duration-ms="14447" status="PASS">
          <params>
            <param index="0">
              <value>
                <![CDATA["Creating Single reminder task"]]>
              </value>
            </param>
            <param index="1">
              <value>
                <![CDATA["As a busy tester,I should be able to create reminders so that i can plan my day and not forget key tasks."]]>
              </value>
            </param>
          </params>
          <reporter-output>
          </reporter-output>
        </test-method> <!-- runScenario -->
        <test-method is-config="true" signature="tearDownClass()[pri:0, instance:TestRunner.CucumberTestRunner@2f4948e4]" started-at="2024-08-24T16:39:49 SGT" name="tearDownClass" finished-at="2024-08-24T16:39:50 SGT" duration-ms="30" status="PASS">
          <reporter-output>
          </reporter-output>
        </test-method> <!-- tearDownClass -->
      </class> <!-- TestRunner.CucumberTestRunner -->
    </test> <!-- Default test -->
  </suite> <!-- Default suite -->
</testng-results>
